!SESSION 2023-06-27 09:18:51.024 -----------------------------------------------
eclipse.buildId=unknown
java.version=11.0.16.1
java.vendor=Oracle Corporation
BootLoader constants: OS=linux, ARCH=x86_64, WS=gtk, NL=en_US

!ENTRY org.eclipse.osgi 2 0 2023-06-27 09:18:51.030
!MESSAGE While loading class "org.eclipse.core.runtime.IAdapterManager", thread "Thread[AWT-EventQueue-0,6,main]" timed out waiting (5007ms) for thread "Thread[main,5,IDE Main]" to finish starting bundle "org.eclipse.equinox.common_3.6.0.v20100503 [112]". To avoid deadlock, thread "Thread[AWT-EventQueue-0,6,main]" is proceeding but "org.eclipse.core.runtime.IAdapterManager" may not be fully initialized.
!STACK 0
org.osgi.framework.BundleException: State change in progress for bundle "reference:file:equinox/org.eclipse.equinox.common_3.6.0.v20100503.jar" by thread "main".
	at org.eclipse.osgi.framework.internal.core.AbstractBundle.beginStateChange(AbstractBundle.java:1088)
	at org.eclipse.osgi.framework.internal.core.AbstractBundle.start(AbstractBundle.java:298)
	at org.eclipse.osgi.framework.util.SecureAction.start(SecureAction.java:478)
	at org.eclipse.osgi.internal.loader.BundleLoader.setLazyTrigger(BundleLoader.java:263)
	at org.eclipse.core.runtime.internal.adaptor.EclipseLazyStarter.postFindLocalClass(EclipseLazyStarter.java:109)
	at org.eclipse.osgi.baseadaptor.loader.ClasspathManager.findLocalClass(ClasspathManager.java:469)
	at org.eclipse.osgi.internal.baseadaptor.DefaultClassLoader.findLocalClass(DefaultClassLoader.java:216)
	at org.eclipse.osgi.internal.loader.BundleLoader.findLocalClass(BundleLoader.java:395)
	at org.eclipse.osgi.internal.loader.BundleLoader.findClassInternal(BundleLoader.java:464)
	at org.eclipse.osgi.internal.loader.BundleLoader.findClass(BundleLoader.java:421)
	at org.eclipse.osgi.internal.loader.BundleLoader.findClass(BundleLoader.java:412)
	at org.eclipse.osgi.internal.baseadaptor.DefaultClassLoader.loadClass(DefaultClassLoader.java:107)
	at org.netbeans.modules.netbinox.NetbinoxLoader.loadClass(NetbinoxLoader.java:81)
	at java.base/java.lang.ClassLoader.loadClass(ClassLoader.java:521)
	at org.eclipse.osgi.internal.loader.BundleLoader.loadClass(BundleLoader.java:340)
	at org.eclipse.osgi.framework.internal.core.BundleHost.loadClass(BundleHost.java:229)
	at org.eclipse.osgi.framework.internal.core.AbstractBundle.loadClass(AbstractBundle.java:1212)
	at org.netbeans.core.netigso.NetigsoServices.type(NetigsoServices.java:101)
	at org.netbeans.core.netigso.NetigsoServices.type(NetigsoServices.java:61)
	at org.openide.util.lookup.InstanceContent$ConvertingItem.getType(InstanceContent.java:381)
	at org.openide.util.lookup.InstanceContent$ConvertingItem.instanceOf(InstanceContent.java:300)
	at org.openide.util.lookup.InheritanceTree$1TwoJobs.before(InheritanceTree.java:496)
	at org.openide.util.lookup.InheritanceTree.classToNode(InheritanceTree.java:576)
	at org.openide.util.lookup.InheritanceTree.searchClass(InheritanceTree.java:596)
	at org.openide.util.lookup.InheritanceTree.lookup(InheritanceTree.java:242)
	at org.openide.util.lookup.InheritanceTree.registerReferenceToResult(InheritanceTree.java:1009)
	at org.openide.util.lookup.DelegatingStorage.registerReferenceToResult(DelegatingStorage.java:180)
	at org.openide.util.lookup.AbstractLookup.lookup(AbstractLookup.java:497)
	at org.openide.util.lookup.ProxyLookup$R.initResults(ProxyLookup.java:390)
	at org.openide.util.lookup.ProxyLookup$R.addLookupListener(ProxyLookup.java:489)
	at org.openide.util.ImageUtilities.getLoader(ImageUtilities.java:392)
	at org.openide.util.ImageUtilities.getIcon(ImageUtilities.java:485)
	at org.openide.util.ImageUtilities.loadImage(ImageUtilities.java:170)
	at org.openide.util.ImageUtilities.loadImage(ImageUtilities.java:138)
	at java.base/jdk.internal.reflect.NativeMethodAccessorImpl.invoke0(Native Method)
	at java.base/jdk.internal.reflect.NativeMethodAccessorImpl.invoke(NativeMethodAccessorImpl.java:62)
	at java.base/jdk.internal.reflect.DelegatingMethodAccessorImpl.invoke(DelegatingMethodAccessorImpl.java:43)
	at java.base/java.lang.reflect.Method.invoke(Method.java:566)
	at org.netbeans.swing.plaf.util.UIUtils.loadWithUtilities(UIUtils.java:153)
	at org.netbeans.swing.plaf.util.UIUtils.loadImage(UIUtils.java:125)
	at com.oracle.jdeveloper.nbwindowsystem.plaf.OracleLFCustoms.createApplicationSpecificKeysAndValues(OracleLFCustoms.java:97)
	at org.netbeans.swing.plaf.LFCustoms.getApplicationSpecificKeysAndValues(LFCustoms.java:205)
	at org.netbeans.swing.plaf.Startup.installLFCustoms(Startup.java:345)
	at org.netbeans.swing.plaf.Startup.installPerLFDefaults(Startup.java:275)
	at org.netbeans.swing.plaf.Startup.install(Startup.java:253)
	at org.netbeans.swing.plaf.Startup.run(Startup.java:552)
	at org.netbeans.core.CoreBridgeImpl$1$1.run(CoreBridgeImpl.java:137)
	at java.desktop/java.awt.event.InvocationEvent.dispatch(InvocationEvent.java:313)
	at java.desktop/java.awt.EventQueue.dispatchEventImpl(EventQueue.java:770)
	at java.desktop/java.awt.EventQueue$4.run(EventQueue.java:721)
	at java.desktop/java.awt.EventQueue$4.run(EventQueue.java:715)
	at java.base/java.security.AccessController.doPrivileged(Native Method)
	at java.base/java.security.ProtectionDomain$JavaSecurityAccessImpl.doIntersectionPrivilege(ProtectionDomain.java:85)
	at java.desktop/java.awt.EventQueue.dispatchEvent(EventQueue.java:740)
	at java.desktop/java.awt.EventDispatchThread.pumpOneEventForFilters(EventDispatchThread.java:203)
	at java.desktop/java.awt.EventDispatchThread.pumpEventsForFilter(EventDispatchThread.java:124)
	at java.desktop/java.awt.EventDispatchThread.pumpEventsForHierarchy(EventDispatchThread.java:113)
	at java.desktop/java.awt.EventDispatchThread.pumpEvents(EventDispatchThread.java:109)
	at java.desktop/java.awt.EventDispatchThread.pumpEvents(EventDispatchThread.java:101)
	at java.desktop/java.awt.EventDispatchThread.run(EventDispatchThread.java:90)
Caused by: org.eclipse.osgi.framework.internal.core.AbstractBundle$BundleStatusException
	... 60 more
Root exception:
org.eclipse.osgi.framework.internal.core.AbstractBundle$BundleStatusException
	at org.eclipse.osgi.framework.internal.core.AbstractBundle.beginStateChange(AbstractBundle.java:1088)
	at org.eclipse.osgi.framework.internal.core.AbstractBundle.start(AbstractBundle.java:298)
	at org.eclipse.osgi.framework.util.SecureAction.start(SecureAction.java:478)
	at org.eclipse.osgi.internal.loader.BundleLoader.setLazyTrigger(BundleLoader.java:263)
	at org.eclipse.core.runtime.internal.adaptor.EclipseLazyStarter.postFindLocalClass(EclipseLazyStarter.java:109)
	at org.eclipse.osgi.baseadaptor.loader.ClasspathManager.findLocalClass(ClasspathManager.java:469)
	at org.eclipse.osgi.internal.baseadaptor.DefaultClassLoader.findLocalClass(DefaultClassLoader.java:216)
	at org.eclipse.osgi.internal.loader.BundleLoader.findLocalClass(BundleLoader.java:395)
	at org.eclipse.osgi.internal.loader.BundleLoader.findClassInternal(BundleLoader.java:464)
	at org.eclipse.osgi.internal.loader.BundleLoader.findClass(BundleLoader.java:421)
	at org.eclipse.osgi.internal.loader.BundleLoader.findClass(BundleLoader.java:412)
	at org.eclipse.osgi.internal.baseadaptor.DefaultClassLoader.loadClass(DefaultClassLoader.java:107)
	at org.netbeans.modules.netbinox.NetbinoxLoader.loadClass(NetbinoxLoader.java:81)
	at java.base/java.lang.ClassLoader.loadClass(ClassLoader.java:521)
	at org.eclipse.osgi.internal.loader.BundleLoader.loadClass(BundleLoader.java:340)
	at org.eclipse.osgi.framework.internal.core.BundleHost.loadClass(BundleHost.java:229)
	at org.eclipse.osgi.framework.internal.core.AbstractBundle.loadClass(AbstractBundle.java:1212)
	at org.netbeans.core.netigso.NetigsoServices.type(NetigsoServices.java:101)
	at org.netbeans.core.netigso.NetigsoServices.type(NetigsoServices.java:61)
	at org.openide.util.lookup.InstanceContent$ConvertingItem.getType(InstanceContent.java:381)
	at org.openide.util.lookup.InstanceContent$ConvertingItem.instanceOf(InstanceContent.java:300)
	at org.openide.util.lookup.InheritanceTree$1TwoJobs.before(InheritanceTree.java:496)
	at org.openide.util.lookup.InheritanceTree.classToNode(InheritanceTree.java:576)
	at org.openide.util.lookup.InheritanceTree.searchClass(InheritanceTree.java:596)
	at org.openide.util.lookup.InheritanceTree.lookup(InheritanceTree.java:242)
	at org.openide.util.lookup.InheritanceTree.registerReferenceToResult(InheritanceTree.java:1009)
	at org.openide.util.lookup.DelegatingStorage.registerReferenceToResult(DelegatingStorage.java:180)
	at org.openide.util.lookup.AbstractLookup.lookup(AbstractLookup.java:497)
	at org.openide.util.lookup.ProxyLookup$R.initResults(ProxyLookup.java:390)
	at org.openide.util.lookup.ProxyLookup$R.addLookupListener(ProxyLookup.java:489)
	at org.openide.util.ImageUtilities.getLoader(ImageUtilities.java:392)
	at org.openide.util.ImageUtilities.getIcon(ImageUtilities.java:485)
	at org.openide.util.ImageUtilities.loadImage(ImageUtilities.java:170)
	at org.openide.util.ImageUtilities.loadImage(ImageUtilities.java:138)
	at java.base/jdk.internal.reflect.NativeMethodAccessorImpl.invoke0(Native Method)
	at java.base/jdk.internal.reflect.NativeMethodAccessorImpl.invoke(NativeMethodAccessorImpl.java:62)
	at java.base/jdk.internal.reflect.DelegatingMethodAccessorImpl.invoke(DelegatingMethodAccessorImpl.java:43)
	at java.base/java.lang.reflect.Method.invoke(Method.java:566)
	at org.netbeans.swing.plaf.util.UIUtils.loadWithUtilities(UIUtils.java:153)
	at org.netbeans.swing.plaf.util.UIUtils.loadImage(UIUtils.java:125)
	at com.oracle.jdeveloper.nbwindowsystem.plaf.OracleLFCustoms.createApplicationSpecificKeysAndValues(OracleLFCustoms.java:97)
	at org.netbeans.swing.plaf.LFCustoms.getApplicationSpecificKeysAndValues(LFCustoms.java:205)
	at org.netbeans.swing.plaf.Startup.installLFCustoms(Startup.java:345)
	at org.netbeans.swing.plaf.Startup.installPerLFDefaults(Startup.java:275)
	at org.netbeans.swing.plaf.Startup.install(Startup.java:253)
	at org.netbeans.swing.plaf.Startup.run(Startup.java:552)
	at org.netbeans.core.CoreBridgeImpl$1$1.run(CoreBridgeImpl.java:137)
	at java.desktop/java.awt.event.InvocationEvent.dispatch(InvocationEvent.java:313)
	at java.desktop/java.awt.EventQueue.dispatchEventImpl(EventQueue.java:770)
	at java.desktop/java.awt.EventQueue$4.run(EventQueue.java:721)
	at java.desktop/java.awt.EventQueue$4.run(EventQueue.java:715)
	at java.base/java.security.AccessController.doPrivileged(Native Method)
	at java.base/java.security.ProtectionDomain$JavaSecurityAccessImpl.doIntersectionPrivilege(ProtectionDomain.java:85)
	at java.desktop/java.awt.EventQueue.dispatchEvent(EventQueue.java:740)
	at java.desktop/java.awt.EventDispatchThread.pumpOneEventForFilters(EventDispatchThread.java:203)
	at java.desktop/java.awt.EventDispatchThread.pumpEventsForFilter(EventDispatchThread.java:124)
	at java.desktop/java.awt.EventDispatchThread.pumpEventsForHierarchy(EventDispatchThread.java:113)
	at java.desktop/java.awt.EventDispatchThread.pumpEvents(EventDispatchThread.java:109)
	at java.desktop/java.awt.EventDispatchThread.pumpEvents(EventDispatchThread.java:101)
	at java.desktop/java.awt.EventDispatchThread.run(EventDispatchThread.java:90)
